<?xml version="1.0" encoding="UTF-8"?>
<testng-results ignored="0" total="1" passed="1" failed="0" skipped="0">
  <reporter-output>
  </reporter-output>
  <suite started-at="2023-05-24T14:36:53 EEST" name="Default suite" finished-at="2023-05-24T14:37:37 EEST" duration-ms="44127">
    <groups>
    </groups>
    <test started-at="2023-05-24T14:36:53 EEST" name="Default test" finished-at="2023-05-24T14:37:37 EEST" duration-ms="44127">
      <class name="testpackage.MavenTest1">
        <test-method is-config="true" signature="beforeTest()[pri:0, instance:testpackage.MavenTest1@1de76cc7]" started-at="2023-05-24T14:36:53 EEST" name="beforeTest" finished-at="2023-05-24T14:36:53 EEST" duration-ms="9" status="PASS">
          <reporter-output>
          </reporter-output>
        </test-method> <!-- beforeTest -->
        <test-method signature="test()[pri:0, instance:testpackage.MavenTest1@1de76cc7]" started-at="2023-05-24T14:36:53 EEST" name="test" finished-at="2023-05-24T14:37:37 EEST" duration-ms="43965" status="PASS">
          <reporter-output>
          </reporter-output>
        </test-method> <!-- test -->
        <test-method is-config="true" signature="afterTest()[pri:0, instance:testpackage.MavenTest1@1de76cc7]" started-at="2023-05-24T14:37:37 EEST" name="afterTest" finished-at="2023-05-24T14:37:37 EEST" duration-ms="115" status="PASS">
          <reporter-output>
          </reporter-output>
        </test-method> <!-- afterTest -->
      </class> <!-- testpackage.MavenTest1 -->
    </test> <!-- Default test -->
  </suite> <!-- Default suite -->
</testng-results>
